<?xml version="1.0" encoding="UTF-8"?>
<!-- Generated by org.testng.reporters.JUnitReportReporter -->
<testsuite hostname="Mohammed_Arham" failures="0" tests="4" name="testng.P2Test" time="9.899" errors="0" timestamp="2025-03-26T16:29:24 EDT" skipped="0">
  <testcase classname="testng.P2Test" name="openapp" time="2.858"/>
  <testcase classname="testng.P2Test" name="logocheck" time="3.108"/>
  <testcase classname="testng.P2Test" name="login" time="3.651"/>
  <testcase classname="testng.P2Test" name="close" time="0.282"/>
</testsuite> <!-- testng.P2Test -->
