<?xml version="1.0" encoding="UTF-8"?>
<!-- Generated by org.testng.reporters.JUnitReportReporter -->
<testsuite hostname="Mohammed_Arham" failures="0" tests="9" name="testng.ParallelTesting" time="21.680" errors="0" timestamp="2025-04-08T22:36:33 EDT" skipped="0">
  <testcase classname="testng.ParallelTesting" name="urlTest" time="0.016"/>
  <testcase classname="testng.ParallelTesting" name="titleTest" time="0.019"/>
  <testcase classname="testng.ParallelTesting" name="logoTest" time="7.088"/>
  <testcase classname="testng.ParallelTesting" name="titleTest" time="0.038"/>
  <testcase classname="testng.ParallelTesting" name="urlTest" time="0.007"/>
  <testcase classname="testng.ParallelTesting" name="urlTest" time="0.057"/>
  <testcase classname="testng.ParallelTesting" name="logoTest" time="7.058"/>
  <testcase classname="testng.ParallelTesting" name="logoTest" time="7.376"/>
  <testcase classname="testng.ParallelTesting" name="titleTest" time="0.021"/>
</testsuite> <!-- testng.ParallelTesting -->
