<?xml version="1.0" encoding="UTF-8"?>
<!-- Generated by org.testng.reporters.JUnitReportReporter -->
<testsuite hostname="Mohammed_Arham" failures="0" tests="4" name="testng.P2Test" time="13.252" errors="0" timestamp="2025-03-26T12:03:34 EDT" skipped="0">
  <testcase classname="testng.P2Test" name="openapp" time="6.311"/>
  <testcase classname="testng.P2Test" name="logocheck" time="3.069"/>
  <testcase classname="testng.P2Test" name="login" time="3.628"/>
  <testcase classname="testng.P2Test" name="close" time="0.244"/>
</testsuite> <!-- testng.P2Test -->
