<?xml version="1.0" encoding="UTF-8"?>
<!-- Generated by org.testng.reporters.JUnitReportReporter -->
<testsuite hostname="Mohammed_Arham" failures="0" tests="3" name="testng.GroupingTest1" time="0.030" errors="0" timestamp="2025-03-26T12:05:58 EDT" skipped="0">
  <testcase classname="testng.GroupingTest1" name="loginTestEmail" time="0.023"/>
  <testcase classname="testng.GroupingTest1" name="loginTestPhone" time="0.004"/>
  <testcase classname="testng.GroupingTest1" name="loginTest2factor" time="0.003"/>
</testsuite> <!-- testng.GroupingTest1 -->
