<?xml version="1.0" encoding="UTF-8"?>
<!-- Generated by org.testng.reporters.JUnitReportReporter -->
<testsuite hostname="Mohammed_Arham" failures="0" tests="1" name="pageobjectmodel.LoginTest" time="7.812" errors="0" timestamp="2025-04-15T16:58:24 EDT" skipped="0">
  <testcase classname="pageobjectmodel.LoginTest" name="testLogin" time="7.812"/>
</testsuite> <!-- pageobjectmodel.LoginTest -->
