<?xml version="1.0" encoding="UTF-8"?>
<!-- Generated by org.testng.reporters.JUnitReportReporter -->
<testsuite hostname="Mohammed_Arham" failures="0" tests="1" name="testng.AssertionsPractice" time="0.007" errors="0" timestamp="2025-03-26T16:03:57 EDT" skipped="0">
  <testcase classname="testng.AssertionsPractice" name="testTitle" time="0.007"/>
</testsuite> <!-- testng.AssertionsPractice -->
