<?xml version="1.0" encoding="UTF-8"?>
<!-- Generated by org.testng.reporters.JUnitReportReporter -->
<testsuite hostname="Mohammed_Arham" failures="0" tests="4" name="testng.DataProviderTest2" time="14.758" errors="0" timestamp="2025-04-02T18:06:03 EDT" skipped="0">
  <testcase classname="testng.DataProviderTest2" name="LoginTest" time="5.666"/>
  <testcase classname="testng.DataProviderTest2" name="LoginTest" time="3.657"/>
  <testcase classname="testng.DataProviderTest2" name="LoginTest" time="2.713"/>
  <testcase classname="testng.DataProviderTest2" name="LoginTest" time="2.722"/>
</testsuite> <!-- testng.DataProviderTest2 -->
