<?xml version="1.0" encoding="UTF-8"?>
<!-- Generated by org.testng.reporters.JUnitReportReporter -->
<testsuite hostname="Mohammed_Arham" failures="0" tests="3" name="testng.PT1" time="0.009" errors="0" timestamp="2025-03-26T16:03:57 EDT" skipped="0">
  <testcase classname="testng.PT1" name="logout" time="0.002"/>
  <testcase classname="testng.PT1" name="login" time="0.002"/>
  <testcase classname="testng.PT1" name="openapp" time="0.005"/>
</testsuite> <!-- testng.PT1 -->
