<?xml version="1.0" encoding="UTF-8"?>
<!-- Generated by org.testng.reporters.JUnitReportReporter -->
<testsuite hostname="Mohammed_Arham" failures="0" tests="1" name="testng.AssertionsPractice" time="0.016" errors="0" timestamp="2025-03-18T17:10:08 EDT" skipped="0">
  <testcase classname="testng.AssertionsPractice" name="testTitle" time="0.016"/>
</testsuite> <!-- testng.AssertionsPractice -->
