<?xml version="1.0" encoding="UTF-8"?>
<!-- Generated by org.testng.reporters.JUnitReportReporter -->
<testsuite hostname="Mohammed_Arham" failures="0" tests="3" name="testng.GroupingTest2" time="0.015" errors="0" timestamp="2025-03-26T16:03:57 EDT" skipped="0">
  <testcase classname="testng.GroupingTest2" name="signnTestEmail" time="0.004"/>
  <testcase classname="testng.GroupingTest2" name="signinTestPhone" time="0.008"/>
  <testcase classname="testng.GroupingTest2" name="signinTestGmail" time="0.003"/>
</testsuite> <!-- testng.GroupingTest2 -->
