<?xml version="1.0" encoding="UTF-8"?>
<!-- Generated by org.testng.reporters.JUnitReportReporter -->
<testsuite hostname="Mohammed_Arham" failures="0" tests="3" name="testng.GroupingTest3" time="0.018" errors="0" timestamp="2025-03-26T12:14:19 EDT" skipped="0">
  <testcase classname="testng.GroupingTest3" name="selectItem" time="0.003"/>
  <testcase classname="testng.GroupingTest3" name="addToCart" time="0.012"/>
  <testcase classname="testng.GroupingTest3" name="viewCart" time="0.003"/>
</testsuite> <!-- testng.GroupingTest3 -->
