<?xml version="1.0" encoding="UTF-8"?>
<!-- Generated by org.testng.reporters.JUnitReportReporter -->
<testsuite hostname="Mohammed_Arham" failures="0" tests="3" name="testng.GroupingTest2" time="0.027" errors="0" timestamp="2025-03-26T11:44:39 EDT" skipped="0">
  <testcase classname="testng.GroupingTest2" name="signnTestEmail" time="0.011"/>
  <testcase classname="testng.GroupingTest2" name="signinTestPhone" time="0.004"/>
  <testcase classname="testng.GroupingTest2" name="signinTestGmail" time="0.012"/>
</testsuite> <!-- testng.GroupingTest2 -->
