<?xml version="1.0" encoding="UTF-8"?>
<!-- Generated by org.testng.reporters.JUnitReportReporter -->
<testsuite hostname="Mohammed_Arham" failures="0" tests="3" name="testng.GroupingTest3" time="0.012" errors="0" timestamp="2025-03-26T16:03:57 EDT" skipped="0">
  <testcase classname="testng.GroupingTest3" name="viewCart" time="0.004"/>
  <testcase classname="testng.GroupingTest3" name="selectItem" time="0.004"/>
  <testcase classname="testng.GroupingTest3" name="addToCart" time="0.004"/>
</testsuite> <!-- testng.GroupingTest3 -->
