<?xml version="1.0" encoding="UTF-8"?>
<!-- Generated by org.testng.reporters.JUnitReportReporter -->
<testsuite hostname="Mohammed_Arham" failures="0" tests="2" name="testng.PT3" time="0.015" errors="0" timestamp="2025-03-18T16:30:58 EDT" skipped="0">
  <testcase classname="testng.PT3" name="tc1" time="0.010"/>
  <testcase classname="testng.PT3" name="tc2" time="0.005"/>
</testsuite> <!-- testng.PT3 -->
